[simsc_app] starting: map=original_resources/(2)Bottleneck.scm url=ws://127.0.0.1:6114/observer
[simsc_app] map loaded
[simsc_app] connecting to ws://127.0.0.1:6114/observer?key=(set)
[simsc_app] viewing perspective: slot=-1
[simsc_app] viewing perspective: slot=1
[simsc_app] local_frame=3600 sync_frame=3600
[simsc_app] local_frame=3900 sync_frame=3900
[simsc_app] local_frame=4200 sync_frame=4200
[simsc_app] local_frame=4500 sync_frame=4500
[simsc_app] local_frame=4800 sync_frame=4800
[simsc_app] local_frame=5100 sync_frame=5100
[simsc_app] local_frame=5400 sync_frame=5400
[simsc_app] local_frame=5700 sync_frame=5700
[simsc_app] local_frame=6000 sync_frame=6000
[simsc_app] local_frame=6300 sync_frame=6300
[simsc_app] local_frame=6600 sync_frame=6600
[simsc_app] local_frame=6900 sync_frame=6900
[simsc_app] local_frame=7200 sync_frame=7200
[simsc_app] local_frame=7500 sync_frame=7500
[simsc_app] local_frame=7800 sync_frame=7800
[simsc_app] local_frame=8100 sync_frame=8100
[simsc_app] local_frame=8400 sync_frame=8400
[simsc_app] local_frame=8700 sync_frame=8700
[simsc_app] local_frame=9000 sync_frame=9000
[simsc_app] local_frame=9300 sync_frame=9300
[simsc_app] local_frame=9600 sync_frame=9600
[simsc_app] local_frame=9900 sync_frame=9900
[simsc_app] local_frame=10200 sync_frame=10200
[simsc_app] local_frame=10500 sync_frame=10500
[simsc_app] local_frame=10800 sync_frame=10800
[simsc_app] local_frame=11100 sync_frame=11100
[simsc_app] local_frame=11400 sync_frame=11400
[simsc_app] local_frame=11700 sync_frame=11700
[simsc_app] local_frame=12000 sync_frame=12000
[simsc_app] local_frame=12300 sync_frame=12300
[simsc_app] local_frame=12600 sync_frame=12600
[simsc_app] local_frame=12900 sync_frame=12900
[simsc_app] local_frame=13200 sync_frame=13200
[simsc_app] local_frame=13500 sync_frame=13500
[simsc_app] local_frame=13800 sync_frame=13800
[simsc_app] local_frame=14100 sync_frame=14100
[simsc_app] local_frame=14400 sync_frame=14400
[simsc_app] local_frame=14700 sync_frame=14700
[simsc_app] local_frame=15000 sync_frame=15000
[simsc_app] local_frame=15300 sync_frame=15300
[simsc_app] local_frame=15600 sync_frame=15600
[simsc_app] local_frame=15900 sync_frame=15900
[simsc_app] local_frame=16200 sync_frame=16200
[simsc_app] local_frame=16500 sync_frame=16500
[simsc_app] local_frame=16800 sync_frame=16800
[simsc_app] local_frame=17100 sync_frame=17100
[simsc_app] local_frame=17400 sync_frame=17400
[simsc_app] local_frame=17700 sync_frame=17700
[simsc_app] local_frame=18000 sync_frame=18000
[simsc_app] local_frame=18300 sync_frame=18300
[simsc_app] local_frame=18600 sync_frame=18600
[simsc_app] local_frame=18900 sync_frame=18900
[simsc_app] local_frame=19200 sync_frame=19200
[simsc_app] local_frame=19500 sync_frame=19500
[simsc_app] local_frame=19800 sync_frame=19800
[simsc_app] local_frame=20100 sync_frame=20100
[simsc_app] local_frame=20400 sync_frame=20400
[simsc_app] local_frame=20700 sync_frame=20700
[simsc_app] local_frame=21000 sync_frame=21000
[simsc_app] local_frame=21300 sync_frame=21300
[simsc_app] local_frame=21600 sync_frame=21600
[simsc_app] local_frame=21900 sync_frame=21900
[simsc_app] local_frame=22200 sync_frame=22200
[simsc_app] local_frame=22500 sync_frame=22500
[simsc_app] local_frame=22800 sync_frame=22800
[simsc_app] local_frame=23100 sync_frame=23100
[simsc_app] local_frame=23400 sync_frame=23400
[simsc_app] local_frame=23700 sync_frame=23700
[simsc_app] local_frame=24000 sync_frame=24000
[simsc_app] local_frame=24300 sync_frame=24300
[simsc_app] local_frame=24600 sync_frame=24600
[simsc_app] local_frame=24900 sync_frame=24900
[simsc_app] local_frame=25200 sync_frame=25200
[simsc_app] local_frame=25500 sync_frame=25500
[simsc_app] local_frame=25800 sync_frame=25800
[simsc_app] local_frame=26100 sync_frame=26100
[simsc_app] local_frame=26400 sync_frame=26400
[simsc_app] local_frame=26700 sync_frame=26700
[simsc_app] local_frame=27000 sync_frame=27000
[simsc_app] local_frame=27300 sync_frame=27300
[simsc_app] local_frame=27600 sync_frame=27600
[simsc_app] local_frame=27900 sync_frame=27900
[simsc_app] local_frame=28200 sync_frame=28200
[simsc_app] local_frame=28500 sync_frame=28500
[simsc_app] local_frame=28800 sync_frame=28800
[simsc_app] local_frame=29100 sync_frame=29100
[simsc_app] local_frame=29400 sync_frame=29400
[simsc_app] local_frame=29700 sync_frame=29700
[simsc_app] local_frame=30000 sync_frame=30000
[simsc_app] local_frame=30300 sync_frame=30300
[simsc_app] local_frame=30600 sync_frame=30600
[simsc_app] local_frame=30900 sync_frame=30900
[simsc_app] local_frame=31200 sync_frame=31200
[simsc_app] local_frame=31500 sync_frame=31500
[simsc_app] local_frame=31800 sync_frame=31800
[simsc_app] local_frame=32100 sync_frame=32100
[simsc_app] local_frame=32400 sync_frame=32400
[simsc_app] local_frame=32700 sync_frame=32700
[simsc_app] local_frame=33000 sync_frame=33000
[simsc_app] local_frame=33300 sync_frame=33300
[simsc_app] local_frame=33600 sync_frame=33600
[qt_ws] error code=1 msg=The remote host closed the connection
