[srv] starting: map=original_resources/(2)Bottleneck.scm data=original_resources obs-port=6114 agent-port=6113 seed=42
[srv] slot 0 race override: 5 -> zerg
[srv] slot 1 race override: 5 -> protoss
[srv] sync-log -> /tmp/soak_qt_20/round_04/server.sync
[srv] loaded 2 inline user(s) from --user
[srv] observer WS listening on ws://0.0.0.0:6114/observer
[srv] starting immediately; observers may join at any time.
[srv] game started, initial_rand=8bbfd0d3 (0 observers)
[srv] registered virtual client for slot 0
[srv] registered virtual client for slot 1
[srv] slot 0 race=0 units=9
[srv] slot 1 race=2 units=5
[ws] agent WebSocket server listening on 0.0.0.0:6113
[srv] tick_interval=10ms (100.0 FPS)
[srv] frame=101 observers=0 virtual-agents=2 pending-cmds=0 loop_body: 0/101 over budget (worst=3ms, budget=10ms)
[srv] frame=202 observers=0 virtual-agents=2 pending-cmds=0 loop_body: 0/101 over budget (worst=5ms, budget=10ms)
[srv] frame=302 observers=0 virtual-agents=2 pending-cmds=0 loop_body: 0/100 over budget (worst=1ms, budget=10ms)
[srv] frame=403 observers=0 virtual-agents=2 pending-cmds=0 loop_body: 0/101 over budget (worst=0ms, budget=10ms)
[srv] frame=504 observers=0 virtual-agents=2 pending-cmds=0 loop_body: 0/101 over budget (worst=1ms, budget=10ms)
[srv] frame=605 observers=0 virtual-agents=2 pending-cmds=0 loop_body: 0/101 over budget (worst=2ms, budget=10ms)
[ws] read_http_request failed (alias=- slot=-1)
[ws] auth OK: alias=slot0_p slot=0
[srv] frame=704 observers=0 virtual-agents=2 pending-cmds=0 loop_body: 0/99 over budget (worst=2ms, budget=10ms)
[srv] frame=805 observers=0 virtual-agents=2 pending-cmds=0 loop_body: 0/101 over budget (worst=6ms, budget=10ms)
[srv] frame=904 observers=0 virtual-agents=2 pending-cmds=0 loop_body: 0/99 over budget (worst=6ms, budget=10ms)
[srv] frame=1004 observers=0 virtual-agents=2 pending-cmds=0 loop_body: 0/100 over budget (worst=3ms, budget=10ms)
[srv] frame=1104 observers=0 virtual-agents=2 pending-cmds=0 loop_body: 0/100 over budget (worst=5ms, budget=10ms)
[srv] frame=1205 observers=0 virtual-agents=2 pending-cmds=0 loop_body: 0/101 over budget (worst=3ms, budget=10ms)
[srv] frame=1305 observers=0 virtual-agents=2 pending-cmds=0 loop_body: 1/100 over budget (worst=14ms, budget=10ms)
[srv] frame=1405 observers=0 virtual-agents=2 pending-cmds=0 loop_body: 0/100 over budget (worst=4ms, budget=10ms)
[srv] frame=1504 observers=0 virtual-agents=2 pending-cmds=0 loop_body: 0/99 over budget (worst=4ms, budget=10ms)
[srv] frame=1605 observers=0 virtual-agents=2 pending-cmds=0 loop_body: 0/101 over budget (worst=3ms, budget=10ms)
[srv] frame=1703 observers=0 virtual-agents=2 pending-cmds=0 loop_body: 0/98 over budget (worst=10ms, budget=10ms)
[srv] frame=1804 observers=0 virtual-agents=2 pending-cmds=0 loop_body: 0/101 over budget (worst=6ms, budget=10ms)
[ws] read_http_request failed (alias=- slot=-1)
[ws] auth OK: alias=slot1_p slot=1
[srv] frame=1904 observers=0 virtual-agents=2 pending-cmds=0 loop_body: 0/100 over budget (worst=10ms, budget=10ms)
[srv] frame=2004 observers=0 virtual-agents=2 pending-cmds=0 loop_body: 0/100 over budget (worst=5ms, budget=10ms)
[srv] frame=2104 observers=0 virtual-agents=2 pending-cmds=0 loop_body: 0/100 over budget (worst=9ms, budget=10ms)
[srv] frame=2205 observers=0 virtual-agents=2 pending-cmds=0 loop_body: 0/101 over budget (worst=5ms, budget=10ms)
[srv] frame=2305 observers=0 virtual-agents=2 pending-cmds=0 loop_body: 1/100 over budget (worst=11ms, budget=10ms)
[srv] frame=2405 observers=0 virtual-agents=2 pending-cmds=0 loop_body: 0/100 over budget (worst=8ms, budget=10ms)
[srv] frame=2503 observers=0 virtual-agents=2 pending-cmds=0 loop_body: 2/98 over budget (worst=19ms, budget=10ms)
[srv] frame=2603 observers=0 virtual-agents=2 pending-cmds=0 loop_body: 0/100 over budget (worst=5ms, budget=10ms)
[srv] frame=2704 observers=0 virtual-agents=2 pending-cmds=0 loop_body: 0/101 over budget (worst=7ms, budget=10ms)
[srv] frame=2804 observers=0 virtual-agents=2 pending-cmds=0 loop_body: 0/100 over budget (worst=4ms, budget=10ms)
[srv] frame=2902 observers=0 virtual-agents=2 pending-cmds=0 loop_body: 2/98 over budget (worst=19ms, budget=10ms)
[srv] frame=3002 observers=0 virtual-agents=2 pending-cmds=0 loop_body: 0/100 over budget (worst=6ms, budget=10ms)
[srv] frame=3102 observers=0 virtual-agents=2 pending-cmds=0 loop_body: 0/100 over budget (worst=6ms, budget=10ms)
[srv] frame=3202 observers=0 virtual-agents=2 pending-cmds=0 loop_body: 0/100 over budget (worst=6ms, budget=10ms)
[srv] frame=3302 observers=0 virtual-agents=2 pending-cmds=0 loop_body: 0/100 over budget (worst=3ms, budget=10ms)
[srv] frame=3402 observers=0 virtual-agents=2 pending-cmds=0 loop_body: 0/100 over budget (worst=1ms, budget=10ms)
[srv] frame=3502 observers=0 virtual-agents=2 pending-cmds=0 loop_body: 0/100 over budget (worst=0ms, budget=10ms)
[srv] auth OK: alias=slot1_p slot=1
[srv] catchup bundle: frame=3536 seed=8bbfd0d3 action_bytes=1380
[srv] frame=3603 observers=1 virtual-agents=2 pending-cmds=0 loop_body: 0/101 over budget (worst=2ms, budget=10ms)
[srv] frame=3704 observers=1 virtual-agents=2 pending-cmds=0 loop_body: 0/101 over budget (worst=0ms, budget=10ms)
[srv] frame=3804 observers=1 virtual-agents=2 pending-cmds=0 loop_body: 0/100 over budget (worst=0ms, budget=10ms)
[srv] frame=3905 observers=1 virtual-agents=2 pending-cmds=0 loop_body: 0/101 over budget (worst=0ms, budget=10ms)
[srv] frame=4006 observers=1 virtual-agents=2 pending-cmds=0 loop_body: 0/101 over budget (worst=2ms, budget=10ms)
[srv] frame=4107 observers=1 virtual-agents=2 pending-cmds=0 loop_body: 0/101 over budget (worst=0ms, budget=10ms)
[srv] frame=4208 observers=1 virtual-agents=2 pending-cmds=0 loop_body: 0/101 over budget (worst=0ms, budget=10ms)
[srv] frame=4309 observers=1 virtual-agents=2 pending-cmds=0 loop_body: 0/101 over budget (worst=1ms, budget=10ms)
[srv] frame=4409 observers=1 virtual-agents=2 pending-cmds=0 loop_body: 0/100 over budget (worst=3ms, budget=10ms)
[srv] frame=4510 observers=1 virtual-agents=2 pending-cmds=0 loop_body: 0/101 over budget (worst=5ms, budget=10ms)
[srv] frame=4611 observers=1 virtual-agents=2 pending-cmds=0 loop_body: 0/101 over budget (worst=1ms, budget=10ms)
[srv] frame=4712 observers=1 virtual-agents=2 pending-cmds=0 loop_body: 0/101 over budget (worst=1ms, budget=10ms)
[srv] frame=4812 observers=1 virtual-agents=2 pending-cmds=0 loop_body: 0/100 over budget (worst=9ms, budget=10ms)
[srv] frame=4913 observers=1 virtual-agents=2 pending-cmds=0 loop_body: 0/101 over budget (worst=0ms, budget=10ms)
[srv] frame=5014 observers=1 virtual-agents=2 pending-cmds=0 loop_body: 0/101 over budget (worst=0ms, budget=10ms)
[srv] frame=5114 observers=1 virtual-agents=2 pending-cmds=0 loop_body: 0/100 over budget (worst=1ms, budget=10ms)
[srv] frame=5214 observers=1 virtual-agents=2 pending-cmds=0 loop_body: 0/100 over budget (worst=4ms, budget=10ms)
[srv] frame=5315 observers=1 virtual-agents=2 pending-cmds=0 loop_body: 0/101 over budget (worst=0ms, budget=10ms)
[srv] frame=5416 observers=1 virtual-agents=2 pending-cmds=0 loop_body: 0/101 over budget (worst=4ms, budget=10ms)
[srv] frame=5517 observers=1 virtual-agents=2 pending-cmds=0 loop_body: 0/101 over budget (worst=1ms, budget=10ms)
[srv] auth OK: alias=slot0_p slot=0
[srv] catchup bundle: frame=5528 seed=8bbfd0d3 action_bytes=2828
[srv] frame=5617 observers=2 virtual-agents=2 pending-cmds=0 loop_body: 0/100 over budget (worst=5ms, budget=10ms)
[srv] frame=5718 observers=2 virtual-agents=2 pending-cmds=0 loop_body: 0/101 over budget (worst=1ms, budget=10ms)
[srv] frame=5819 observers=2 virtual-agents=2 pending-cmds=0 loop_body: 0/101 over budget (worst=3ms, budget=10ms)
[srv] frame=5920 observers=2 virtual-agents=2 pending-cmds=0 loop_body: 0/101 over budget (worst=0ms, budget=10ms)
[srv] frame=6020 observers=2 virtual-agents=2 pending-cmds=0 loop_body: 0/100 over budget (worst=1ms, budget=10ms)
[srv] frame=6121 observers=2 virtual-agents=2 pending-cmds=0 loop_body: 0/101 over budget (worst=1ms, budget=10ms)
[srv] frame=6222 observers=2 virtual-agents=2 pending-cmds=0 loop_body: 0/101 over budget (worst=1ms, budget=10ms)
[srv] frame=6322 observers=2 virtual-agents=2 pending-cmds=0 loop_body: 0/100 over budget (worst=1ms, budget=10ms)
[srv] frame=6423 observers=2 virtual-agents=2 pending-cmds=0 loop_body: 0/101 over budget (worst=1ms, budget=10ms)
[srv] frame=6524 observers=2 virtual-agents=2 pending-cmds=0 loop_body: 0/101 over budget (worst=1ms, budget=10ms)
[srv] frame=6624 observers=2 virtual-agents=2 pending-cmds=0 loop_body: 0/100 over budget (worst=1ms, budget=10ms)
[srv] frame=6724 observers=2 virtual-agents=2 pending-cmds=0 loop_body: 0/100 over budget (worst=0ms, budget=10ms)
[srv] frame=6824 observers=2 virtual-agents=2 pending-cmds=0 loop_body: 0/100 over budget (worst=0ms, budget=10ms)
[srv] frame=6925 observers=2 virtual-agents=2 pending-cmds=0 loop_body: 0/101 over budget (worst=1ms, budget=10ms)
[srv] frame=7026 observers=2 virtual-agents=2 pending-cmds=0 loop_body: 0/101 over budget (worst=3ms, budget=10ms)
[srv] frame=7127 observers=2 virtual-agents=2 pending-cmds=0 loop_body: 0/101 over budget (worst=1ms, budget=10ms)
[srv] frame=7228 observers=2 virtual-agents=2 pending-cmds=0 loop_body: 0/101 over budget (worst=1ms, budget=10ms)
[srv] frame=7329 observers=2 virtual-agents=2 pending-cmds=0 loop_body: 0/101 over budget (worst=1ms, budget=10ms)
[srv] frame=7430 observers=2 virtual-agents=2 pending-cmds=0 loop_body: 0/101 over budget (worst=0ms, budget=10ms)
[srv] frame=7531 observers=2 virtual-agents=2 pending-cmds=0 loop_body: 0/101 over budget (worst=1ms, budget=10ms)
[srv] frame=7632 observers=2 virtual-agents=2 pending-cmds=0 loop_body: 0/101 over budget (worst=1ms, budget=10ms)
[srv] frame=7733 observers=2 virtual-agents=2 pending-cmds=0 loop_body: 0/101 over budget (worst=1ms, budget=10ms)
[srv] frame=7833 observers=2 virtual-agents=2 pending-cmds=0 loop_body: 0/100 over budget (worst=1ms, budget=10ms)
[srv] frame=7934 observers=2 virtual-agents=2 pending-cmds=0 loop_body: 0/101 over budget (worst=1ms, budget=10ms)
[srv] frame=8035 observers=2 virtual-agents=2 pending-cmds=0 loop_body: 0/101 over budget (worst=1ms, budget=10ms)
[srv] frame=8136 observers=2 virtual-agents=2 pending-cmds=0 loop_body: 0/101 over budget (worst=1ms, budget=10ms)
[srv] frame=8236 observers=2 virtual-agents=2 pending-cmds=0 loop_body: 0/100 over budget (worst=3ms, budget=10ms)
[srv] frame=8337 observers=2 virtual-agents=2 pending-cmds=0 loop_body: 0/101 over budget (worst=1ms, budget=10ms)
[srv] frame=8438 observers=2 virtual-agents=2 pending-cmds=0 loop_body: 0/101 over budget (worst=6ms, budget=10ms)
[srv] frame=8539 observers=2 virtual-agents=2 pending-cmds=0 loop_body: 0/101 over budget (worst=0ms, budget=10ms)
[srv] frame=8640 observers=2 virtual-agents=2 pending-cmds=0 loop_body: 0/101 over budget (worst=3ms, budget=10ms)
[srv] frame=8740 observers=2 virtual-agents=2 pending-cmds=0 loop_body: 0/100 over budget (worst=1ms, budget=10ms)
[srv] frame=8840 observers=2 virtual-agents=2 pending-cmds=0 loop_body: 0/100 over budget (worst=3ms, budget=10ms)
[srv] frame=8941 observers=2 virtual-agents=2 pending-cmds=0 loop_body: 0/101 over budget (worst=1ms, budget=10ms)
[srv] frame=9042 observers=2 virtual-agents=2 pending-cmds=0 loop_body: 0/101 over budget (worst=2ms, budget=10ms)
[srv] frame=9142 observers=2 virtual-agents=2 pending-cmds=0 loop_body: 0/100 over budget (worst=1ms, budget=10ms)
[srv] frame=9243 observers=2 virtual-agents=2 pending-cmds=0 loop_body: 0/101 over budget (worst=1ms, budget=10ms)
[srv] frame=9344 observers=2 virtual-agents=2 pending-cmds=0 loop_body: 0/101 over budget (worst=1ms, budget=10ms)
[srv] frame=9445 observers=2 virtual-agents=2 pending-cmds=0 loop_body: 0/101 over budget (worst=1ms, budget=10ms)
[srv] frame=9545 observers=2 virtual-agents=2 pending-cmds=0 loop_body: 0/100 over budget (worst=1ms, budget=10ms)
[srv] frame=9645 observers=2 virtual-agents=2 pending-cmds=0 loop_body: 0/100 over budget (worst=2ms, budget=10ms)
[srv] frame=9746 observers=2 virtual-agents=2 pending-cmds=0 loop_body: 0/101 over budget (worst=0ms, budget=10ms)
[srv] frame=9847 observers=2 virtual-agents=2 pending-cmds=0 loop_body: 0/101 over budget (worst=2ms, budget=10ms)
[srv] frame=9947 observers=2 virtual-agents=2 pending-cmds=0 loop_body: 0/100 over budget (worst=1ms, budget=10ms)
[srv] frame=10048 observers=2 virtual-agents=2 pending-cmds=0 loop_body: 0/101 over budget (worst=1ms, budget=10ms)
[srv] frame=10148 observers=2 virtual-agents=2 pending-cmds=0 loop_body: 0/100 over budget (worst=0ms, budget=10ms)
[srv] frame=10249 observers=2 virtual-agents=2 pending-cmds=0 loop_body: 0/101 over budget (worst=3ms, budget=10ms)
[srv] frame=10350 observers=2 virtual-agents=2 pending-cmds=0 loop_body: 0/101 over budget (worst=1ms, budget=10ms)
[srv] frame=10451 observers=2 virtual-agents=2 pending-cmds=0 loop_body: 0/101 over budget (worst=1ms, budget=10ms)
[srv] frame=10552 observers=2 virtual-agents=2 pending-cmds=0 loop_body: 0/101 over budget (worst=1ms, budget=10ms)
[srv] frame=10652 observers=2 virtual-agents=2 pending-cmds=0 loop_body: 0/100 over budget (worst=0ms, budget=10ms)
[srv] frame=10753 observers=2 virtual-agents=2 pending-cmds=0 loop_body: 0/101 over budget (worst=0ms, budget=10ms)
[srv] frame=10853 observers=2 virtual-agents=2 pending-cmds=0 loop_body: 0/100 over budget (worst=0ms, budget=10ms)
[srv] frame=10953 observers=2 virtual-agents=2 pending-cmds=0 loop_body: 0/100 over budget (worst=1ms, budget=10ms)
[srv] frame=11054 observers=2 virtual-agents=2 pending-cmds=0 loop_body: 0/101 over budget (worst=0ms, budget=10ms)
[srv] frame=11154 observers=2 virtual-agents=2 pending-cmds=0 loop_body: 0/100 over budget (worst=1ms, budget=10ms)
[srv] frame=11254 observers=2 virtual-agents=2 pending-cmds=0 loop_body: 0/100 over budget (worst=4ms, budget=10ms)
[srv] frame=11355 observers=2 virtual-agents=2 pending-cmds=0 loop_body: 0/101 over budget (worst=0ms, budget=10ms)
[srv] frame=11455 observers=2 virtual-agents=2 pending-cmds=0 loop_body: 0/100 over budget (worst=1ms, budget=10ms)
[srv] frame=11555 observers=2 virtual-agents=2 pending-cmds=0 loop_body: 0/100 over budget (worst=1ms, budget=10ms)
[srv] frame=11656 observers=2 virtual-agents=2 pending-cmds=0 loop_body: 0/101 over budget (worst=1ms, budget=10ms)
[srv] frame=11757 observers=2 virtual-agents=2 pending-cmds=0 loop_body: 0/101 over budget (worst=1ms, budget=10ms)
[srv] frame=11857 observers=2 virtual-agents=2 pending-cmds=0 loop_body: 0/100 over budget (worst=1ms, budget=10ms)
[srv] frame=11958 observers=2 virtual-agents=2 pending-cmds=0 loop_body: 0/101 over budget (worst=0ms, budget=10ms)
[srv] frame=12059 observers=2 virtual-agents=2 pending-cmds=0 loop_body: 0/101 over budget (worst=0ms, budget=10ms)
[srv] frame=12160 observers=2 virtual-agents=2 pending-cmds=0 loop_body: 0/101 over budget (worst=1ms, budget=10ms)
[srv] frame=12260 observers=2 virtual-agents=2 pending-cmds=0 loop_body: 0/100 over budget (worst=0ms, budget=10ms)
[srv] frame=12361 observers=2 virtual-agents=2 pending-cmds=0 loop_body: 0/101 over budget (worst=0ms, budget=10ms)
[srv] frame=12462 observers=2 virtual-agents=2 pending-cmds=0 loop_body: 0/101 over budget (worst=1ms, budget=10ms)
[srv] frame=12563 observers=2 virtual-agents=2 pending-cmds=0 loop_body: 0/101 over budget (worst=0ms, budget=10ms)
[srv] frame=12663 observers=2 virtual-agents=2 pending-cmds=0 loop_body: 0/100 over budget (worst=1ms, budget=10ms)
[srv] frame=12764 observers=2 virtual-agents=2 pending-cmds=0 loop_body: 0/101 over budget (worst=1ms, budget=10ms)
[srv] frame=12864 observers=2 virtual-agents=2 pending-cmds=0 loop_body: 0/100 over budget (worst=1ms, budget=10ms)
[srv] frame=12964 observers=2 virtual-agents=2 pending-cmds=0 loop_body: 0/100 over budget (worst=1ms, budget=10ms)
[srv] frame=13065 observers=2 virtual-agents=2 pending-cmds=0 loop_body: 0/101 over budget (worst=2ms, budget=10ms)
[srv] frame=13165 observers=2 virtual-agents=2 pending-cmds=0 loop_body: 0/100 over budget (worst=1ms, budget=10ms)
[srv] frame=13266 observers=2 virtual-agents=2 pending-cmds=0 loop_body: 0/101 over budget (worst=4ms, budget=10ms)
[srv] frame=13366 observers=2 virtual-agents=2 pending-cmds=0 loop_body: 0/100 over budget (worst=2ms, budget=10ms)
[srv] frame=13466 observers=2 virtual-agents=2 pending-cmds=0 loop_body: 0/100 over budget (worst=1ms, budget=10ms)
[srv] frame=13567 observers=2 virtual-agents=2 pending-cmds=0 loop_body: 0/101 over budget (worst=0ms, budget=10ms)
[srv] frame=13668 observers=2 virtual-agents=2 pending-cmds=0 loop_body: 0/101 over budget (worst=1ms, budget=10ms)
[srv] frame=13768 observers=2 virtual-agents=2 pending-cmds=0 loop_body: 0/100 over budget (worst=1ms, budget=10ms)
[srv] frame=13869 observers=2 virtual-agents=2 pending-cmds=0 loop_body: 0/101 over budget (worst=2ms, budget=10ms)
[srv] frame=13969 observers=2 virtual-agents=2 pending-cmds=0 loop_body: 0/100 over budget (worst=1ms, budget=10ms)
[srv] frame=14070 observers=2 virtual-agents=2 pending-cmds=0 loop_body: 0/101 over budget (worst=0ms, budget=10ms)
[srv] frame=14170 observers=2 virtual-agents=2 pending-cmds=0 loop_body: 0/100 over budget (worst=0ms, budget=10ms)
[srv] frame=14271 observers=2 virtual-agents=2 pending-cmds=0 loop_body: 0/101 over budget (worst=1ms, budget=10ms)
[srv] frame=14371 observers=2 virtual-agents=2 pending-cmds=0 loop_body: 0/100 over budget (worst=0ms, budget=10ms)
[srv] frame=14472 observers=2 virtual-agents=2 pending-cmds=0 loop_body: 0/101 over budget (worst=4ms, budget=10ms)
[srv] frame=14573 observers=2 virtual-agents=2 pending-cmds=0 loop_body: 0/101 over budget (worst=1ms, budget=10ms)
[srv] frame=14674 observers=2 virtual-agents=2 pending-cmds=0 loop_body: 0/101 over budget (worst=2ms, budget=10ms)
[srv] frame=14774 observers=2 virtual-agents=2 pending-cmds=0 loop_body: 0/100 over budget (worst=1ms, budget=10ms)
[srv] frame=14875 observers=2 virtual-agents=2 pending-cmds=0 loop_body: 0/101 over budget (worst=2ms, budget=10ms)
[srv] frame=14975 observers=2 virtual-agents=2 pending-cmds=0 loop_body: 0/100 over budget (worst=2ms, budget=10ms)
[srv] frame=15075 observers=2 virtual-agents=2 pending-cmds=0 loop_body: 0/100 over budget (worst=2ms, budget=10ms)
[srv] frame=15176 observers=2 virtual-agents=2 pending-cmds=0 loop_body: 0/101 over budget (worst=2ms, budget=10ms)
[srv] frame=15277 observers=2 virtual-agents=2 pending-cmds=0 loop_body: 0/101 over budget (worst=2ms, budget=10ms)
[srv] frame=15378 observers=2 virtual-agents=2 pending-cmds=0 loop_body: 0/101 over budget (worst=2ms, budget=10ms)
[srv] frame=15478 observers=2 virtual-agents=2 pending-cmds=0 loop_body: 0/100 over budget (worst=4ms, budget=10ms)
[srv] frame=15579 observers=2 virtual-agents=2 pending-cmds=0 loop_body: 0/101 over budget (worst=2ms, budget=10ms)
[srv] frame=15680 observers=2 virtual-agents=2 pending-cmds=0 loop_body: 0/101 over budget (worst=2ms, budget=10ms)
[srv] frame=15780 observers=2 virtual-agents=2 pending-cmds=0 loop_body: 0/100 over budget (worst=2ms, budget=10ms)
[srv] frame=15881 observers=2 virtual-agents=2 pending-cmds=0 loop_body: 0/101 over budget (worst=2ms, budget=10ms)
[srv] frame=15981 observers=2 virtual-agents=2 pending-cmds=0 loop_body: 0/100 over budget (worst=3ms, budget=10ms)
[srv] frame=16081 observers=2 virtual-agents=2 pending-cmds=0 loop_body: 0/100 over budget (worst=2ms, budget=10ms)
[srv] frame=16181 observers=2 virtual-agents=2 pending-cmds=0 loop_body: 0/100 over budget (worst=2ms, budget=10ms)
[srv] frame=16282 observers=2 virtual-agents=2 pending-cmds=0 loop_body: 0/101 over budget (worst=2ms, budget=10ms)
[srv] frame=16382 observers=2 virtual-agents=2 pending-cmds=0 loop_body: 0/100 over budget (worst=7ms, budget=10ms)
[srv] frame=16482 observers=2 virtual-agents=2 pending-cmds=0 loop_body: 0/100 over budget (worst=2ms, budget=10ms)
[srv] frame=16583 observers=2 virtual-agents=2 pending-cmds=0 loop_body: 0/101 over budget (worst=2ms, budget=10ms)
[srv] frame=16684 observers=2 virtual-agents=2 pending-cmds=0 loop_body: 0/101 over budget (worst=2ms, budget=10ms)
[srv] frame=16785 observers=2 virtual-agents=2 pending-cmds=0 loop_body: 0/101 over budget (worst=2ms, budget=10ms)
[srv] frame=16886 observers=2 virtual-agents=2 pending-cmds=0 loop_body: 0/101 over budget (worst=2ms, budget=10ms)
[srv] frame=16987 observers=2 virtual-agents=2 pending-cmds=0 loop_body: 0/101 over budget (worst=2ms, budget=10ms)
[srv] frame=17088 observers=2 virtual-agents=2 pending-cmds=0 loop_body: 0/101 over budget (worst=2ms, budget=10ms)
[srv] frame=17189 observers=2 virtual-agents=2 pending-cmds=0 loop_body: 0/101 over budget (worst=2ms, budget=10ms)
[srv] frame=17290 observers=2 virtual-agents=2 pending-cmds=0 loop_body: 0/101 over budget (worst=3ms, budget=10ms)
[srv] frame=17390 observers=2 virtual-agents=2 pending-cmds=0 loop_body: 0/100 over budget (worst=4ms, budget=10ms)
[srv] frame=17490 observers=2 virtual-agents=2 pending-cmds=0 loop_body: 0/100 over budget (worst=2ms, budget=10ms)
[srv] frame=17591 observers=2 virtual-agents=2 pending-cmds=0 loop_body: 0/101 over budget (worst=2ms, budget=10ms)
[srv] frame=17691 observers=2 virtual-agents=2 pending-cmds=0 loop_body: 0/100 over budget (worst=4ms, budget=10ms)
[srv] frame=17792 observers=2 virtual-agents=2 pending-cmds=0 loop_body: 0/101 over budget (worst=2ms, budget=10ms)
[srv] frame=17892 observers=2 virtual-agents=2 pending-cmds=0 loop_body: 0/100 over budget (worst=4ms, budget=10ms)
[srv] frame=17993 observers=2 virtual-agents=2 pending-cmds=0 loop_body: 0/101 over budget (worst=2ms, budget=10ms)
[srv] frame=18093 observers=2 virtual-agents=2 pending-cmds=0 loop_body: 0/100 over budget (worst=2ms, budget=10ms)
[srv] frame=18194 observers=2 virtual-agents=2 pending-cmds=0 loop_body: 0/101 over budget (worst=2ms, budget=10ms)
[srv] frame=18294 observers=2 virtual-agents=2 pending-cmds=0 loop_body: 0/100 over budget (worst=2ms, budget=10ms)
[srv] frame=18394 observers=2 virtual-agents=2 pending-cmds=0 loop_body: 0/100 over budget (worst=2ms, budget=10ms)
[srv] frame=18495 observers=2 virtual-agents=2 pending-cmds=0 loop_body: 0/101 over budget (worst=3ms, budget=10ms)
[srv] frame=18595 observers=2 virtual-agents=2 pending-cmds=0 loop_body: 0/100 over budget (worst=3ms, budget=10ms)
[srv] frame=18696 observers=2 virtual-agents=2 pending-cmds=0 loop_body: 0/101 over budget (worst=3ms, budget=10ms)
[srv] frame=18797 observers=2 virtual-agents=2 pending-cmds=0 loop_body: 0/101 over budget (worst=2ms, budget=10ms)
[srv] frame=18897 observers=2 virtual-agents=2 pending-cmds=0 loop_body: 0/100 over budget (worst=2ms, budget=10ms)
[srv] frame=18998 observers=2 virtual-agents=2 pending-cmds=0 loop_body: 0/101 over budget (worst=3ms, budget=10ms)
[srv] frame=19099 observers=2 virtual-agents=2 pending-cmds=0 loop_body: 0/101 over budget (worst=2ms, budget=10ms)
[srv] frame=19200 observers=2 virtual-agents=2 pending-cmds=0 loop_body: 0/101 over budget (worst=3ms, budget=10ms)
[srv] frame=19301 observers=2 virtual-agents=2 pending-cmds=0 loop_body: 0/101 over budget (worst=3ms, budget=10ms)
[srv] frame=19401 observers=2 virtual-agents=2 pending-cmds=0 loop_body: 0/100 over budget (worst=2ms, budget=10ms)
[srv] frame=19501 observers=2 virtual-agents=2 pending-cmds=0 loop_body: 0/100 over budget (worst=2ms, budget=10ms)
[srv] frame=19601 observers=2 virtual-agents=2 pending-cmds=0 loop_body: 0/100 over budget (worst=3ms, budget=10ms)
[srv] frame=19702 observers=2 virtual-agents=2 pending-cmds=0 loop_body: 0/101 over budget (worst=4ms, budget=10ms)
[srv] frame=19803 observers=2 virtual-agents=2 pending-cmds=0 loop_body: 0/101 over budget (worst=2ms, budget=10ms)
[srv] frame=19903 observers=2 virtual-agents=2 pending-cmds=0 loop_body: 0/100 over budget (worst=2ms, budget=10ms)
[srv] frame=20004 observers=2 virtual-agents=2 pending-cmds=0 loop_body: 0/101 over budget (worst=2ms, budget=10ms)
[srv] frame=20105 observers=2 virtual-agents=2 pending-cmds=0 loop_body: 0/101 over budget (worst=4ms, budget=10ms)
[srv] frame=20205 observers=2 virtual-agents=2 pending-cmds=0 loop_body: 1/100 over budget (worst=12ms, budget=10ms)
[srv] frame=20304 observers=2 virtual-agents=2 pending-cmds=0 loop_body: 0/99 over budget (worst=8ms, budget=10ms)
[srv] frame=20403 observers=2 virtual-agents=2 pending-cmds=0 loop_body: 1/99 over budget (worst=16ms, budget=10ms)
[srv] frame=20503 observers=2 virtual-agents=2 pending-cmds=0 loop_body: 0/100 over budget (worst=9ms, budget=10ms)
[srv] frame=20604 observers=2 virtual-agents=2 pending-cmds=0 loop_body: 0/101 over budget (worst=5ms, budget=10ms)
[srv] frame=20704 observers=2 virtual-agents=2 pending-cmds=0 loop_body: 0/100 over budget (worst=7ms, budget=10ms)
[srv] frame=20804 observers=2 virtual-agents=2 pending-cmds=0 loop_body: 0/100 over budget (worst=10ms, budget=10ms)
[srv] frame=20903 observers=2 virtual-agents=2 pending-cmds=0 loop_body: 0/99 over budget (worst=5ms, budget=10ms)
[srv] frame=21004 observers=2 virtual-agents=2 pending-cmds=0 loop_body: 0/101 over budget (worst=6ms, budget=10ms)
[srv] frame=21104 observers=2 virtual-agents=2 pending-cmds=0 loop_body: 1/100 over budget (worst=12ms, budget=10ms)
[srv] frame=21204 observers=2 virtual-agents=2 pending-cmds=0 loop_body: 0/100 over budget (worst=6ms, budget=10ms)
[srv] frame=21304 observers=2 virtual-agents=2 pending-cmds=0 loop_body: 0/100 over budget (worst=7ms, budget=10ms)
[srv] frame=21404 observers=2 virtual-agents=2 pending-cmds=0 loop_body: 0/100 over budget (worst=9ms, budget=10ms)
[srv] frame=21504 observers=2 virtual-agents=2 pending-cmds=0 loop_body: 0/100 over budget (worst=10ms, budget=10ms)
[srv] frame=21604 observers=2 virtual-agents=2 pending-cmds=0 loop_body: 0/100 over budget (worst=9ms, budget=10ms)
[srv] frame=21704 observers=2 virtual-agents=2 pending-cmds=0 loop_body: 0/100 over budget (worst=4ms, budget=10ms)
[srv] frame=21804 observers=2 virtual-agents=2 pending-cmds=0 loop_body: 0/100 over budget (worst=6ms, budget=10ms)
[srv] frame=21904 observers=2 virtual-agents=2 pending-cmds=0 loop_body: 0/100 over budget (worst=3ms, budget=10ms)
[srv] frame=22005 observers=2 virtual-agents=2 pending-cmds=0 loop_body: 0/101 over budget (worst=8ms, budget=10ms)
[srv] frame=22105 observers=2 virtual-agents=2 pending-cmds=0 loop_body: 0/100 over budget (worst=1ms, budget=10ms)
[srv] frame=22206 observers=2 virtual-agents=2 pending-cmds=0 loop_body: 0/101 over budget (worst=3ms, budget=10ms)
[srv] frame=22307 observers=2 virtual-agents=2 pending-cmds=0 loop_body: 0/101 over budget (worst=3ms, budget=10ms)
[srv] frame=22408 observers=2 virtual-agents=2 pending-cmds=0 loop_body: 0/101 over budget (worst=3ms, budget=10ms)
[srv] frame=22509 observers=2 virtual-agents=2 pending-cmds=0 loop_body: 0/101 over budget (worst=3ms, budget=10ms)
[srv] frame=22609 observers=2 virtual-agents=2 pending-cmds=0 loop_body: 0/100 over budget (worst=2ms, budget=10ms)
[srv] frame=22709 observers=2 virtual-agents=2 pending-cmds=0 loop_body: 0/100 over budget (worst=2ms, budget=10ms)
[srv] frame=22810 observers=2 virtual-agents=2 pending-cmds=0 loop_body: 0/101 over budget (worst=2ms, budget=10ms)
[srv] frame=22911 observers=2 virtual-agents=2 pending-cmds=0 loop_body: 0/101 over budget (worst=3ms, budget=10ms)
[srv] frame=23012 observers=2 virtual-agents=2 pending-cmds=0 loop_body: 0/101 over budget (worst=2ms, budget=10ms)
[srv] frame=23112 observers=2 virtual-agents=2 pending-cmds=0 loop_body: 0/100 over budget (worst=4ms, budget=10ms)
[srv] frame=23212 observers=2 virtual-agents=2 pending-cmds=0 loop_body: 0/100 over budget (worst=3ms, budget=10ms)
[srv] frame=23312 observers=2 virtual-agents=2 pending-cmds=0 loop_body: 0/100 over budget (worst=3ms, budget=10ms)
[srv] frame=23413 observers=2 virtual-agents=2 pending-cmds=0 loop_body: 0/101 over budget (worst=3ms, budget=10ms)
[srv] frame=23514 observers=2 virtual-agents=2 pending-cmds=0 loop_body: 0/101 over budget (worst=3ms, budget=10ms)
[srv] frame=23614 observers=2 virtual-agents=2 pending-cmds=0 loop_body: 0/100 over budget (worst=3ms, budget=10ms)
[srv] frame=23714 observers=2 virtual-agents=2 pending-cmds=0 loop_body: 0/100 over budget (worst=3ms, budget=10ms)
[srv] frame=23814 observers=2 virtual-agents=2 pending-cmds=0 loop_body: 0/100 over budget (worst=3ms, budget=10ms)
[srv] frame=23915 observers=2 virtual-agents=2 pending-cmds=0 loop_body: 0/101 over budget (worst=2ms, budget=10ms)
[srv] frame=24016 observers=2 virtual-agents=2 pending-cmds=0 loop_body: 0/101 over budget (worst=2ms, budget=10ms)
[srv] frame=24116 observers=2 virtual-agents=2 pending-cmds=0 loop_body: 0/100 over budget (worst=3ms, budget=10ms)
[srv] frame=24216 observers=2 virtual-agents=2 pending-cmds=0 loop_body: 0/100 over budget (worst=3ms, budget=10ms)
[srv] frame=24317 observers=2 virtual-agents=2 pending-cmds=0 loop_body: 0/101 over budget (worst=3ms, budget=10ms)
[srv] frame=24418 observers=2 virtual-agents=2 pending-cmds=0 loop_body: 0/101 over budget (worst=4ms, budget=10ms)
[srv] frame=24519 observers=2 virtual-agents=2 pending-cmds=0 loop_body: 0/101 over budget (worst=3ms, budget=10ms)
[srv] frame=24619 observers=2 virtual-agents=2 pending-cmds=0 loop_body: 0/100 over budget (worst=2ms, budget=10ms)
[srv] frame=24720 observers=2 virtual-agents=2 pending-cmds=0 loop_body: 0/101 over budget (worst=3ms, budget=10ms)
[srv] frame=24820 observers=2 virtual-agents=2 pending-cmds=0 loop_body: 0/100 over budget (worst=2ms, budget=10ms)
[srv] frame=24920 observers=2 virtual-agents=2 pending-cmds=0 loop_body: 0/100 over budget (worst=4ms, budget=10ms)
[srv] frame=25021 observers=2 virtual-agents=2 pending-cmds=0 loop_body: 0/101 over budget (worst=2ms, budget=10ms)
[srv] frame=25121 observers=2 virtual-agents=2 pending-cmds=0 loop_body: 0/100 over budget (worst=2ms, budget=10ms)
[srv] frame=25222 observers=2 virtual-agents=2 pending-cmds=0 loop_body: 0/101 over budget (worst=2ms, budget=10ms)
[srv] frame=25322 observers=2 virtual-agents=2 pending-cmds=0 loop_body: 0/100 over budget (worst=3ms, budget=10ms)
[srv] frame=25423 observers=2 virtual-agents=2 pending-cmds=0 loop_body: 0/101 over budget (worst=3ms, budget=10ms)
[srv] frame=25524 observers=2 virtual-agents=2 pending-cmds=0 loop_body: 0/101 over budget (worst=3ms, budget=10ms)
[srv] frame=25624 observers=2 virtual-agents=2 pending-cmds=0 loop_body: 0/100 over budget (worst=2ms, budget=10ms)
[srv] frame=25725 observers=2 virtual-agents=2 pending-cmds=0 loop_body: 0/101 over budget (worst=2ms, budget=10ms)
[srv] frame=25825 observers=2 virtual-agents=2 pending-cmds=0 loop_body: 0/100 over budget (worst=2ms, budget=10ms)
[srv] frame=25925 observers=2 virtual-agents=2 pending-cmds=0 loop_body: 0/100 over budget (worst=2ms, budget=10ms)
[srv] frame=26026 observers=2 virtual-agents=2 pending-cmds=0 loop_body: 0/101 over budget (worst=5ms, budget=10ms)
[srv] frame=26127 observers=2 virtual-agents=2 pending-cmds=0 loop_body: 0/101 over budget (worst=3ms, budget=10ms)
[srv] frame=26227 observers=2 virtual-agents=2 pending-cmds=0 loop_body: 0/100 over budget (worst=2ms, budget=10ms)
[srv] frame=26328 observers=2 virtual-agents=2 pending-cmds=0 loop_body: 0/101 over budget (worst=2ms, budget=10ms)
[srv] frame=26429 observers=2 virtual-agents=2 pending-cmds=0 loop_body: 0/101 over budget (worst=3ms, budget=10ms)
[srv] frame=26530 observers=2 virtual-agents=2 pending-cmds=0 loop_body: 0/101 over budget (worst=3ms, budget=10ms)
[srv] frame=26631 observers=2 virtual-agents=2 pending-cmds=0 loop_body: 0/101 over budget (worst=2ms, budget=10ms)
[srv] frame=26731 observers=2 virtual-agents=2 pending-cmds=0 loop_body: 0/100 over budget (worst=3ms, budget=10ms)
[srv] frame=26832 observers=2 virtual-agents=2 pending-cmds=0 loop_body: 0/101 over budget (worst=2ms, budget=10ms)
[srv] frame=26933 observers=2 virtual-agents=2 pending-cmds=0 loop_body: 0/101 over budget (worst=2ms, budget=10ms)
[srv] frame=27034 observers=2 virtual-agents=2 pending-cmds=0 loop_body: 0/101 over budget (worst=2ms, budget=10ms)
[srv] frame=27135 observers=2 virtual-agents=2 pending-cmds=0 loop_body: 0/101 over budget (worst=4ms, budget=10ms)
[srv] frame=27236 observers=2 virtual-agents=2 pending-cmds=0 loop_body: 0/101 over budget (worst=2ms, budget=10ms)
[srv] frame=27336 observers=2 virtual-agents=2 pending-cmds=0 loop_body: 0/100 over budget (worst=3ms, budget=10ms)
[srv] frame=27436 observers=2 virtual-agents=2 pending-cmds=0 loop_body: 0/100 over budget (worst=3ms, budget=10ms)
[srv] frame=27536 observers=2 virtual-agents=2 pending-cmds=0 loop_body: 0/100 over budget (worst=4ms, budget=10ms)
[srv] frame=27637 observers=2 virtual-agents=2 pending-cmds=0 loop_body: 0/101 over budget (worst=3ms, budget=10ms)
[srv] frame=27737 observers=2 virtual-agents=2 pending-cmds=0 loop_body: 0/100 over budget (worst=2ms, budget=10ms)
[srv] frame=27838 observers=2 virtual-agents=2 pending-cmds=0 loop_body: 0/101 over budget (worst=2ms, budget=10ms)
[srv] frame=27938 observers=2 virtual-agents=2 pending-cmds=0 loop_body: 0/100 over budget (worst=2ms, budget=10ms)
[srv] frame=28038 observers=2 virtual-agents=2 pending-cmds=0 loop_body: 0/100 over budget (worst=2ms, budget=10ms)
[srv] frame=28139 observers=2 virtual-agents=2 pending-cmds=0 loop_body: 0/101 over budget (worst=2ms, budget=10ms)
[srv] frame=28239 observers=2 virtual-agents=2 pending-cmds=0 loop_body: 0/100 over budget (worst=2ms, budget=10ms)
[srv] frame=28340 observers=2 virtual-agents=2 pending-cmds=0 loop_body: 0/101 over budget (worst=6ms, budget=10ms)
[srv] frame=28440 observers=2 virtual-agents=2 pending-cmds=0 loop_body: 0/100 over budget (worst=2ms, budget=10ms)
[srv] frame=28541 observers=2 virtual-agents=2 pending-cmds=0 loop_body: 0/101 over budget (worst=2ms, budget=10ms)
[srv] frame=28641 observers=2 virtual-agents=2 pending-cmds=0 loop_body: 0/100 over budget (worst=2ms, budget=10ms)
[srv] frame=28742 observers=2 virtual-agents=2 pending-cmds=0 loop_body: 0/101 over budget (worst=5ms, budget=10ms)
[srv] frame=28843 observers=2 virtual-agents=2 pending-cmds=0 loop_body: 0/101 over budget (worst=2ms, budget=10ms)
[srv] frame=28944 observers=2 virtual-agents=2 pending-cmds=0 loop_body: 0/101 over budget (worst=2ms, budget=10ms)
[srv] frame=29045 observers=2 virtual-agents=2 pending-cmds=0 loop_body: 0/101 over budget (worst=2ms, budget=10ms)
[srv] frame=29146 observers=2 virtual-agents=2 pending-cmds=0 loop_body: 0/101 over budget (worst=2ms, budget=10ms)
[srv] frame=29247 observers=2 virtual-agents=2 pending-cmds=0 loop_body: 0/101 over budget (worst=2ms, budget=10ms)
[srv] frame=29347 observers=2 virtual-agents=2 pending-cmds=0 loop_body: 0/100 over budget (worst=2ms, budget=10ms)
[srv] frame=29448 observers=2 virtual-agents=2 pending-cmds=0 loop_body: 0/101 over budget (worst=3ms, budget=10ms)
[srv] frame=29549 observers=2 virtual-agents=2 pending-cmds=0 loop_body: 0/101 over budget (worst=3ms, budget=10ms)
[srv] frame=29650 observers=2 virtual-agents=2 pending-cmds=0 loop_body: 0/101 over budget (worst=2ms, budget=10ms)
[srv] frame=29750 observers=2 virtual-agents=2 pending-cmds=0 loop_body: 0/100 over budget (worst=3ms, budget=10ms)
[srv] frame=29851 observers=2 virtual-agents=2 pending-cmds=0 loop_body: 0/101 over budget (worst=3ms, budget=10ms)
[srv] frame=29952 observers=2 virtual-agents=2 pending-cmds=0 loop_body: 0/101 over budget (worst=3ms, budget=10ms)
[srv] frame=30053 observers=2 virtual-agents=2 pending-cmds=0 loop_body: 0/101 over budget (worst=3ms, budget=10ms)
[srv] frame=30154 observers=2 virtual-agents=2 pending-cmds=0 loop_body: 0/101 over budget (worst=2ms, budget=10ms)
[srv] frame=30255 observers=2 virtual-agents=2 pending-cmds=0 loop_body: 0/101 over budget (worst=2ms, budget=10ms)
[srv] frame=30355 observers=2 virtual-agents=2 pending-cmds=0 loop_body: 0/100 over budget (worst=2ms, budget=10ms)
[srv] frame=30456 observers=2 virtual-agents=2 pending-cmds=0 loop_body: 0/101 over budget (worst=3ms, budget=10ms)
[srv] frame=30556 observers=2 virtual-agents=2 pending-cmds=0 loop_body: 0/100 over budget (worst=3ms, budget=10ms)
[srv] frame=30656 observers=2 virtual-agents=2 pending-cmds=0 loop_body: 0/100 over budget (worst=2ms, budget=10ms)
[srv] frame=30757 observers=2 virtual-agents=2 pending-cmds=0 loop_body: 0/101 over budget (worst=2ms, budget=10ms)
[srv] frame=30857 observers=2 virtual-agents=2 pending-cmds=0 loop_body: 0/100 over budget (worst=2ms, budget=10ms)
[srv] frame=30957 observers=2 virtual-agents=2 pending-cmds=0 loop_body: 0/100 over budget (worst=4ms, budget=10ms)
[srv] frame=31058 observers=2 virtual-agents=2 pending-cmds=0 loop_body: 0/101 over budget (worst=2ms, budget=10ms)
[srv] frame=31159 observers=2 virtual-agents=2 pending-cmds=0 loop_body: 0/101 over budget (worst=2ms, budget=10ms)
[srv] frame=31259 observers=2 virtual-agents=2 pending-cmds=0 loop_body: 0/100 over budget (worst=3ms, budget=10ms)
[srv] frame=31360 observers=2 virtual-agents=2 pending-cmds=0 loop_body: 0/101 over budget (worst=3ms, budget=10ms)
[srv] frame=31461 observers=2 virtual-agents=2 pending-cmds=0 loop_body: 0/101 over budget (worst=2ms, budget=10ms)
[srv] frame=31562 observers=2 virtual-agents=2 pending-cmds=0 loop_body: 0/101 over budget (worst=3ms, budget=10ms)
[srv] frame=31663 observers=2 virtual-agents=2 pending-cmds=0 loop_body: 0/101 over budget (worst=2ms, budget=10ms)
[srv] frame=31764 observers=2 virtual-agents=2 pending-cmds=0 loop_body: 0/101 over budget (worst=3ms, budget=10ms)
[srv] frame=31864 observers=2 virtual-agents=2 pending-cmds=0 loop_body: 0/100 over budget (worst=2ms, budget=10ms)
[srv] frame=31965 observers=2 virtual-agents=2 pending-cmds=0 loop_body: 0/101 over budget (worst=2ms, budget=10ms)
[srv] frame=32065 observers=2 virtual-agents=2 pending-cmds=0 loop_body: 0/100 over budget (worst=2ms, budget=10ms)
[srv] frame=32166 observers=2 virtual-agents=2 pending-cmds=0 loop_body: 0/101 over budget (worst=2ms, budget=10ms)
[srv] frame=32267 observers=2 virtual-agents=2 pending-cmds=0 loop_body: 0/101 over budget (worst=3ms, budget=10ms)
[srv] frame=32368 observers=2 virtual-agents=2 pending-cmds=0 loop_body: 0/101 over budget (worst=2ms, budget=10ms)
[srv] frame=32469 observers=2 virtual-agents=2 pending-cmds=0 loop_body: 0/101 over budget (worst=3ms, budget=10ms)
[srv] frame=32569 observers=2 virtual-agents=2 pending-cmds=0 loop_body: 0/100 over budget (worst=2ms, budget=10ms)
[srv] frame=32670 observers=2 virtual-agents=2 pending-cmds=0 loop_body: 0/101 over budget (worst=2ms, budget=10ms)
[srv] frame=32771 observers=2 virtual-agents=2 pending-cmds=0 loop_body: 0/101 over budget (worst=3ms, budget=10ms)
[srv] frame=32872 observers=2 virtual-agents=2 pending-cmds=0 loop_body: 0/101 over budget (worst=3ms, budget=10ms)
[srv] frame=32972 observers=2 virtual-agents=2 pending-cmds=0 loop_body: 0/100 over budget (worst=3ms, budget=10ms)
[srv] frame=33073 observers=2 virtual-agents=2 pending-cmds=0 loop_body: 0/101 over budget (worst=2ms, budget=10ms)
[srv] frame=33174 observers=2 virtual-agents=2 pending-cmds=0 loop_body: 0/101 over budget (worst=4ms, budget=10ms)
[srv] frame=33274 observers=2 virtual-agents=2 pending-cmds=0 loop_body: 0/100 over budget (worst=3ms, budget=10ms)
[srv] frame=33375 observers=2 virtual-agents=2 pending-cmds=0 loop_body: 0/101 over budget (worst=3ms, budget=10ms)
[srv] frame=33475 observers=2 virtual-agents=2 pending-cmds=0 loop_body: 0/100 over budget (worst=5ms, budget=10ms)
[srv] frame=33576 observers=2 virtual-agents=2 pending-cmds=0 loop_body: 0/101 over budget (worst=4ms, budget=10ms)
[srv] frame=33677 observers=2 virtual-agents=2 pending-cmds=0 loop_body: 0/101 over budget (worst=2ms, budget=10ms)
[srv] frame=33777 observers=2 virtual-agents=2 pending-cmds=0 loop_body: 0/100 over budget (worst=2ms, budget=10ms)
[srv] frame=33878 observers=2 virtual-agents=2 pending-cmds=0 loop_body: 0/101 over budget (worst=2ms, budget=10ms)
[srv] frame=33978 observers=2 virtual-agents=2 pending-cmds=0 loop_body: 0/100 over budget (worst=2ms, budget=10ms)
[srv] frame=34079 observers=2 virtual-agents=2 pending-cmds=0 loop_body: 0/101 over budget (worst=3ms, budget=10ms)
[srv] frame=34179 observers=2 virtual-agents=2 pending-cmds=0 loop_body: 0/100 over budget (worst=2ms, budget=10ms)
[srv] frame=34280 observers=2 virtual-agents=2 pending-cmds=0 loop_body: 0/101 over budget (worst=2ms, budget=10ms)
[srv] frame=34380 observers=2 virtual-agents=2 pending-cmds=0 loop_body: 0/100 over budget (worst=2ms, budget=10ms)
[srv] frame=34480 observers=2 virtual-agents=2 pending-cmds=0 loop_body: 0/100 over budget (worst=2ms, budget=10ms)
[srv] frame=34581 observers=2 virtual-agents=2 pending-cmds=0 loop_body: 0/101 over budget (worst=2ms, budget=10ms)
[srv] frame=34682 observers=2 virtual-agents=2 pending-cmds=0 loop_body: 0/101 over budget (worst=2ms, budget=10ms)
[srv] frame=34783 observers=2 virtual-agents=2 pending-cmds=0 loop_body: 0/101 over budget (worst=3ms, budget=10ms)
[srv] frame=34884 observers=2 virtual-agents=2 pending-cmds=0 loop_body: 0/101 over budget (worst=2ms, budget=10ms)
[srv] frame=34984 observers=2 virtual-agents=2 pending-cmds=0 loop_body: 0/100 over budget (worst=2ms, budget=10ms)
[srv] frame=35085 observers=2 virtual-agents=2 pending-cmds=0 loop_body: 0/101 over budget (worst=2ms, budget=10ms)
[srv] frame=35185 observers=2 virtual-agents=2 pending-cmds=0 loop_body: 0/100 over budget (worst=3ms, budget=10ms)
[srv] frame=35286 observers=2 virtual-agents=2 pending-cmds=0 loop_body: 0/101 over budget (worst=2ms, budget=10ms)
