[repro-r7] starting server (map=New Gettysburg, races=protoss protoss terran terran terran terran, speed=10)
[repro-r7] server ready
[repro-r7] [+1] observer bob (slot 1 view)
[repro-r7] [+2] agent alice (protoss / slot 0)
[repro-r7] [+3] observer alice (slot 0 view)
[repro-r7] [+4] observer frank (slot 5 view)
[repro-r7] [+5] agent carol (terran / slot 2)
[repro-r7] [+6] agent frank (terran / slot 5)
[repro-r7] [+7] observer carol (slot 2 view)
[repro-r7] [+8] agent eve (terran / slot 4)
[repro-r7] [+9] agent bob (protoss / slot 1)
[repro-r7] [+10] observer dave (slot 3 view)
[repro-r7] [+11] observer eve (slot 4 view)
[repro-r7] [+12] agent dave (terran / slot 3)
[repro-r7] all launched. Playing 300s...
scripts/repro_round7.sh: line 73: 62258 Terminated: 15          nohup ./build_srv/server/openbw_server --map "$MAP" --data-path original_resources --users test_resources/users.json "${RACE_ARGS[@]}" --game-speed 10 --sync-log "$OUT/server.sync" > "$OUT/server.log" 2>&1
scripts/repro_round7.sh: line 92: 64026 Terminated: 15          PYTHONUNBUFFERED=1 nohup python3 -m "$mod" "$key" --host 127.0.0.1 --port 6113 --interval-sec 1.0 > "$OUT/agent_${name}.log" 2>&1
scripts/repro_round7.sh: line 92: 64785 Terminated: 15          PYTHONUNBUFFERED=1 nohup python3 -m "$mod" "$key" --host 127.0.0.1 --port 6113 --interval-sec 1.0 > "$OUT/agent_${name}.log" 2>&1
scripts/repro_round7.sh: line 92: 65186 Terminated: 15          PYTHONUNBUFFERED=1 nohup python3 -m "$mod" "$key" --host 127.0.0.1 --port 6113 --interval-sec 1.0 > "$OUT/agent_${name}.log" 2>&1
scripts/repro_round7.sh: line 92: 66179 Terminated: 15          PYTHONUNBUFFERED=1 nohup python3 -m "$mod" "$key" --host 127.0.0.1 --port 6113 --interval-sec 1.0 > "$OUT/agent_${name}.log" 2>&1
scripts/repro_round7.sh: line 92: 62682 Terminated: 15          PYTHONUNBUFFERED=1 nohup python3 -m "$mod" "$key" --host 127.0.0.1 --port 6113 --interval-sec 1.0 > "$OUT/agent_${name}.log" 2>&1
[repro-r7] final server frame: frame=46962
[repro-r7] stopping all processes

[repro-r7] --- results ---
  alice   matched= 284  min_only=  0  real= 24  FAIL_REAL
  bob     matched= 310  min_only=  0  real=216  FAIL_REAL
  carol   matched=  40  min_only=  0  real= 40  FAIL_REAL
  dave    matched= 192  min_only=  0  real=192  FAIL_REAL
  eve     matched= 178  min_only=  0  real=178  FAIL_REAL
  frank   matched= 272  min_only=  0  real=216  FAIL_REAL

logs at /tmp/repro_r7_bc/
